build/outputs/logs/manifest-merger-debug-report.txt
-- Merging decision tree log ---
manifest
ADDED from AndroidStudioProjects\superwechat1\AndroidManifest.xml:2:1-369:12
	package
		ADDED from AndroidStudioProjects\superwechat1\AndroidManifest.xml:3:5-33
		INJECTED from AndroidStudioProjects\superwechat1\AndroidManifest.xml
		INJECTED from AndroidStudioProjects\superwechat1\AndroidManifest.xml
	android:versionName
		ADDED from AndroidStudioProjects\superwechat1\AndroidManifest.xml:5:5-32
		INJECTED from AndroidStudioProjects\superwechat1\AndroidManifest.xml
		INJECTED from AndroidStudioProjects\superwechat1\AndroidManifest.xml
	android:versionCode
		ADDED from AndroidStudioProjects\superwechat1\AndroidManifest.xml:4:5-29
		INJECTED from AndroidStudioProjects\superwechat1\AndroidManifest.xml
		INJECTED from AndroidStudioProjects\superwechat1\AndroidManifest.xml
	xmlns:android
		ADDED from AndroidStudioProjects\superwechat1\AndroidManifest.xml:2:11-69
uses-sdk
ADDED from AndroidStudioProjects\superwechat1\AndroidManifest.xml:7:5-9:41
	android:targetSdkVersion
		ADDED from AndroidStudioProjects\superwechat1\AndroidManifest.xml:9:9-38
	android:minSdkVersion
		ADDED from AndroidStudioProjects\superwechat1\AndroidManifest.xml:8:9-34
uses-permission#android.permission.READ_EXTERNAL_STORAGE
ADDED from AndroidStudioProjects\superwechat1\AndroidManifest.xml:11:5-80
	android:name
		ADDED from AndroidStudioProjects\superwechat1\AndroidManifest.xml:11:22-77
uses-permission#android.permission.VIBRATE
ADDED from AndroidStudioProjects\superwechat1\AndroidManifest.xml:12:5-66
	android:name
		ADDED from AndroidStudioProjects\superwechat1\AndroidManifest.xml:12:22-63
uses-permission#android.permission.INTERNET
ADDED from AndroidStudioProjects\superwechat1\AndroidManifest.xml:13:5-67
	android:name
		ADDED from AndroidStudioProjects\superwechat1\AndroidManifest.xml:13:22-64
uses-permission#android.permission.RECORD_AUDIO
ADDED from AndroidStudioProjects\superwechat1\AndroidManifest.xml:14:5-71
	android:name
		ADDED from AndroidStudioProjects\superwechat1\AndroidManifest.xml:14:22-68
uses-permission#android.permission.CAMERA
ADDED from AndroidStudioProjects\superwechat1\AndroidManifest.xml:15:5-65
	android:name
		ADDED from AndroidStudioProjects\superwechat1\AndroidManifest.xml:15:22-62
uses-permission#android.permission.ACCESS_NETWORK_STATE
ADDED from AndroidStudioProjects\superwechat1\AndroidManifest.xml:16:5-79
	android:name
		ADDED from AndroidStudioProjects\superwechat1\AndroidManifest.xml:16:22-76
uses-permission#android.permission.WRITE_EXTERNAL_STORAGE
ADDED from AndroidStudioProjects\superwechat1\AndroidManifest.xml:17:5-81
	android:name
		ADDED from AndroidStudioProjects\superwechat1\AndroidManifest.xml:17:22-78
uses-permission#android.permission.MOUNT_UNMOUNT_FILESYSTEMS
ADDED from AndroidStudioProjects\superwechat1\AndroidManifest.xml:18:5-84
	android:name
		ADDED from AndroidStudioProjects\superwechat1\AndroidManifest.xml:18:22-81
uses-permission#android.permission.ACCESS_FINE_LOCATION
ADDED from AndroidStudioProjects\superwechat1\AndroidManifest.xml:19:5-79
	android:name
		ADDED from AndroidStudioProjects\superwechat1\AndroidManifest.xml:19:22-76
uses-permission#android.permission.GET_TASKS
ADDED from AndroidStudioProjects\superwechat1\AndroidManifest.xml:20:5-68
	android:name
		ADDED from AndroidStudioProjects\superwechat1\AndroidManifest.xml:20:22-65
uses-permission#android.permission.ACCESS_WIFI_STATE
ADDED from AndroidStudioProjects\superwechat1\AndroidManifest.xml:21:5-76
	android:name
		ADDED from AndroidStudioProjects\superwechat1\AndroidManifest.xml:21:22-73
uses-permission#android.permission.CHANGE_WIFI_STATE
ADDED from AndroidStudioProjects\superwechat1\AndroidManifest.xml:22:5-76
	android:name
		ADDED from AndroidStudioProjects\superwechat1\AndroidManifest.xml:22:22-73
uses-permission#android.permission.WAKE_LOCK
ADDED from AndroidStudioProjects\superwechat1\AndroidManifest.xml:23:5-68
	android:name
		ADDED from AndroidStudioProjects\superwechat1\AndroidManifest.xml:23:22-65
uses-permission#android.permission.MODIFY_AUDIO_SETTINGS
ADDED from AndroidStudioProjects\superwechat1\AndroidManifest.xml:24:5-80
	android:name
		ADDED from AndroidStudioProjects\superwechat1\AndroidManifest.xml:24:22-77
uses-permission#android.permission.READ_PHONE_STATE
ADDED from AndroidStudioProjects\superwechat1\AndroidManifest.xml:25:5-75
	android:name
		ADDED from AndroidStudioProjects\superwechat1\AndroidManifest.xml:25:22-72
uses-permission#android.permission.RECEIVE_BOOT_COMPLETED
ADDED from AndroidStudioProjects\superwechat1\AndroidManifest.xml:26:5-81
	android:name
		ADDED from AndroidStudioProjects\superwechat1\AndroidManifest.xml:26:22-78
uses-permission#android.permission.GET_ACCOUNTS
ADDED from AndroidStudioProjects\superwechat1\AndroidManifest.xml:27:5-71
	android:name
		ADDED from AndroidStudioProjects\superwechat1\AndroidManifest.xml:27:22-68
uses-permission#android.permission.USE_CREDENTIALS
ADDED from AndroidStudioProjects\superwechat1\AndroidManifest.xml:28:5-74
	android:name
		ADDED from AndroidStudioProjects\superwechat1\AndroidManifest.xml:28:22-71
uses-permission#android.permission.MANAGE_ACCOUNTS
ADDED from AndroidStudioProjects\superwechat1\AndroidManifest.xml:29:5-74
	android:name
		ADDED from AndroidStudioProjects\superwechat1\AndroidManifest.xml:29:22-71
uses-permission#android.permission.AUTHENTICATE_ACCOUNTS
ADDED from AndroidStudioProjects\superwechat1\AndroidManifest.xml:30:5-80
	android:name
		ADDED from AndroidStudioProjects\superwechat1\AndroidManifest.xml:30:22-77
uses-permission#com.android.launcher.permission.READ_SETTINGS
ADDED from AndroidStudioProjects\superwechat1\AndroidManifest.xml:31:5-85
	android:name
		ADDED from AndroidStudioProjects\superwechat1\AndroidManifest.xml:31:22-82
uses-permission#android.permission.BROADCAST_STICKY
ADDED from AndroidStudioProjects\superwechat1\AndroidManifest.xml:32:5-75
	android:name
		ADDED from AndroidStudioProjects\superwechat1\AndroidManifest.xml:32:22-72
uses-permission#android.permission.WRITE_SETTINGS
ADDED from AndroidStudioProjects\superwechat1\AndroidManifest.xml:33:5-73
	android:name
		ADDED from AndroidStudioProjects\superwechat1\AndroidManifest.xml:33:22-70
uses-permission#com.google.android.c2dm.permission.RECEIVE
ADDED from AndroidStudioProjects\superwechat1\AndroidManifest.xml:35:5-82
	android:name
		ADDED from AndroidStudioProjects\superwechat1\AndroidManifest.xml:35:22-79
permission#cn.ucai.fulicenter.permission.C2D_MESSAGE
ADDED from AndroidStudioProjects\superwechat1\AndroidManifest.xml:37:5-38:47
	android:protectionLevel
		ADDED from AndroidStudioProjects\superwechat1\AndroidManifest.xml:38:9-44
	android:name
		ADDED from AndroidStudioProjects\superwechat1\AndroidManifest.xml:37:17-73
uses-permission#cn.ucai.fulicenter.permission.C2D_MESSAGE
ADDED from AndroidStudioProjects\superwechat1\AndroidManifest.xml:39:5-81
	android:name
		ADDED from AndroidStudioProjects\superwechat1\AndroidManifest.xml:39:22-78
application
ADDED from AndroidStudioProjects\superwechat1\AndroidManifest.xml:42:5-367:25
	android:label
		ADDED from AndroidStudioProjects\superwechat1\AndroidManifest.xml:46:9-41
	android:allowBackup
		ADDED from AndroidStudioProjects\superwechat1\AndroidManifest.xml:44:9-35
	android:icon
		ADDED from AndroidStudioProjects\superwechat1\AndroidManifest.xml:45:9-45
	android:name
		ADDED from AndroidStudioProjects\superwechat1\AndroidManifest.xml:43:9-65
activity#cn.ucai.fulicenter.activity.MainActivity
ADDED from AndroidStudioProjects\superwechat1\AndroidManifest.xml:47:9-53:20
	android:screenOrientation
		ADDED from AndroidStudioProjects\superwechat1\AndroidManifest.xml:50:13-49
	android:launchMode
		ADDED from AndroidStudioProjects\superwechat1\AndroidManifest.xml:49:13-44
	android:windowSoftInputMode
		ADDED from AndroidStudioProjects\superwechat1\AndroidManifest.xml:52:13-52
	android:theme
		ADDED from AndroidStudioProjects\superwechat1\AndroidManifest.xml:51:13-52
	android:name
		ADDED from AndroidStudioProjects\superwechat1\AndroidManifest.xml:48:13-68
activity#cn.ucai.fulicenter.activity.SplashActivity
ADDED from AndroidStudioProjects\superwechat1\AndroidManifest.xml:56:9-65:20
	android:screenOrientation
		ADDED from AndroidStudioProjects\superwechat1\AndroidManifest.xml:58:13-49
	android:theme
		ADDED from AndroidStudioProjects\superwechat1\AndroidManifest.xml:59:13-52
	android:name
		ADDED from AndroidStudioProjects\superwechat1\AndroidManifest.xml:57:13-70
intent-filter#android.intent.action.MAIN+android.intent.category.LAUNCHER
ADDED from AndroidStudioProjects\superwechat1\AndroidManifest.xml:60:13-64:29
action#android.intent.action.MAIN
ADDED from AndroidStudioProjects\superwechat1\AndroidManifest.xml:61:17-69
	android:name
		ADDED from AndroidStudioProjects\superwechat1\AndroidManifest.xml:61:25-66
category#android.intent.category.LAUNCHER
ADDED from AndroidStudioProjects\superwechat1\AndroidManifest.xml:63:17-77
	android:name
		ADDED from AndroidStudioProjects\superwechat1\AndroidManifest.xml:63:27-74
activity#cn.ucai.fulicenter.activity.LoginActivity
ADDED from AndroidStudioProjects\superwechat1\AndroidManifest.xml:68:9-73:20
	android:screenOrientation
		ADDED from AndroidStudioProjects\superwechat1\AndroidManifest.xml:70:13-49
	android:windowSoftInputMode
		ADDED from AndroidStudioProjects\superwechat1\AndroidManifest.xml:72:13-68
	android:theme
		ADDED from AndroidStudioProjects\superwechat1\AndroidManifest.xml:71:13-52
	android:name
		ADDED from AndroidStudioProjects\superwechat1\AndroidManifest.xml:69:13-69
activity#cn.ucai.fulicenter.activity.RegisterActivity
ADDED from AndroidStudioProjects\superwechat1\AndroidManifest.xml:76:9-81:20
	android:screenOrientation
		ADDED from AndroidStudioProjects\superwechat1\AndroidManifest.xml:78:13-49
	android:windowSoftInputMode
		ADDED from AndroidStudioProjects\superwechat1\AndroidManifest.xml:80:13-68
	android:theme
		ADDED from AndroidStudioProjects\superwechat1\AndroidManifest.xml:79:13-52
	android:name
		ADDED from AndroidStudioProjects\superwechat1\AndroidManifest.xml:77:13-72
activity#cn.ucai.fulicenter.activity.ChatActivity
ADDED from AndroidStudioProjects\superwechat1\AndroidManifest.xml:83:9-89:20
	android:screenOrientation
		ADDED from AndroidStudioProjects\superwechat1\AndroidManifest.xml:86:13-49
	android:launchMode
		ADDED from AndroidStudioProjects\superwechat1\AndroidManifest.xml:85:13-43
	android:windowSoftInputMode
		ADDED from AndroidStudioProjects\superwechat1\AndroidManifest.xml:88:13-55
	android:theme
		ADDED from AndroidStudioProjects\superwechat1\AndroidManifest.xml:87:13-52
	android:name
		ADDED from AndroidStudioProjects\superwechat1\AndroidManifest.xml:84:13-68
activity#cn.ucai.fulicenter.activity.AddContactActivity
ADDED from AndroidStudioProjects\superwechat1\AndroidManifest.xml:91:9-96:20
	android:screenOrientation
		ADDED from AndroidStudioProjects\superwechat1\AndroidManifest.xml:93:13-49
	android:windowSoftInputMode
		ADDED from AndroidStudioProjects\superwechat1\AndroidManifest.xml:94:13-55
	android:theme
		ADDED from AndroidStudioProjects\superwechat1\AndroidManifest.xml:95:13-52
	android:name
		ADDED from AndroidStudioProjects\superwechat1\AndroidManifest.xml:92:13-74
activity#cn.ucai.fulicenter.activity.GroupDetailsActivity
ADDED from AndroidStudioProjects\superwechat1\AndroidManifest.xml:98:9-102:20
	android:screenOrientation
		ADDED from AndroidStudioProjects\superwechat1\AndroidManifest.xml:100:13-49
	android:theme
		ADDED from AndroidStudioProjects\superwechat1\AndroidManifest.xml:101:13-52
	android:name
		ADDED from AndroidStudioProjects\superwechat1\AndroidManifest.xml:99:13-76
activity#cn.ucai.fulicenter.activity.GroupsActivity
ADDED from AndroidStudioProjects\superwechat1\AndroidManifest.xml:104:9-109:20
	android:screenOrientation
		ADDED from AndroidStudioProjects\superwechat1\AndroidManifest.xml:106:13-49
	android:windowSoftInputMode
		ADDED from AndroidStudioProjects\superwechat1\AndroidManifest.xml:108:13-52
	android:theme
		ADDED from AndroidStudioProjects\superwechat1\AndroidManifest.xml:107:13-52
	android:name
		ADDED from AndroidStudioProjects\superwechat1\AndroidManifest.xml:105:13-70
activity#cn.ucai.fulicenter.activity.ChatRoomActivity
ADDED from AndroidStudioProjects\superwechat1\AndroidManifest.xml:111:9-116:20
	android:screenOrientation
		ADDED from AndroidStudioProjects\superwechat1\AndroidManifest.xml:113:13-49
	android:windowSoftInputMode
		ADDED from AndroidStudioProjects\superwechat1\AndroidManifest.xml:115:13-52
	android:theme
		ADDED from AndroidStudioProjects\superwechat1\AndroidManifest.xml:114:13-52
	android:name
		ADDED from AndroidStudioProjects\superwechat1\AndroidManifest.xml:112:13-72
activity#cn.ucai.fulicenter.activity.ChatRoomDetailsActivity
ADDED from AndroidStudioProjects\superwechat1\AndroidManifest.xml:118:9-122:20
	android:screenOrientation
		ADDED from AndroidStudioProjects\superwechat1\AndroidManifest.xml:120:13-49
	android:theme
		ADDED from AndroidStudioProjects\superwechat1\AndroidManifest.xml:121:13-52
	android:name
		ADDED from AndroidStudioProjects\superwechat1\AndroidManifest.xml:119:13-79
activity#cn.ucai.fulicenter.activity.NewGroupActivity
ADDED from AndroidStudioProjects\superwechat1\AndroidManifest.xml:125:9-130:20
	android:screenOrientation
		ADDED from AndroidStudioProjects\superwechat1\AndroidManifest.xml:127:13-49
	android:windowSoftInputMode
		ADDED from AndroidStudioProjects\superwechat1\AndroidManifest.xml:129:13-52
	android:theme
		ADDED from AndroidStudioProjects\superwechat1\AndroidManifest.xml:128:13-52
	android:name
		ADDED from AndroidStudioProjects\superwechat1\AndroidManifest.xml:126:13-72
activity#cn.ucai.fulicenter.activity.ExitGroupDialog
ADDED from AndroidStudioProjects\superwechat1\AndroidManifest.xml:132:9-136:20
	android:screenOrientation
		ADDED from AndroidStudioProjects\superwechat1\AndroidManifest.xml:134:13-49
	android:theme
		ADDED from AndroidStudioProjects\superwechat1\AndroidManifest.xml:135:13-55
	android:name
		ADDED from AndroidStudioProjects\superwechat1\AndroidManifest.xml:133:13-71
activity#cn.ucai.fulicenter.activity.GroupPickContactsActivity
ADDED from AndroidStudioProjects\superwechat1\AndroidManifest.xml:138:9-143:20
	android:screenOrientation
		ADDED from AndroidStudioProjects\superwechat1\AndroidManifest.xml:140:13-49
	android:windowSoftInputMode
		ADDED from AndroidStudioProjects\superwechat1\AndroidManifest.xml:142:13-52
	android:theme
		ADDED from AndroidStudioProjects\superwechat1\AndroidManifest.xml:141:13-52
	android:name
		ADDED from AndroidStudioProjects\superwechat1\AndroidManifest.xml:139:13-81
activity#cn.ucai.fulicenter.activity.BaiduMapActivity
ADDED from AndroidStudioProjects\superwechat1\AndroidManifest.xml:145:9-149:20
	android:screenOrientation
		ADDED from AndroidStudioProjects\superwechat1\AndroidManifest.xml:147:13-49
	android:theme
		ADDED from AndroidStudioProjects\superwechat1\AndroidManifest.xml:148:13-52
	android:name
		ADDED from AndroidStudioProjects\superwechat1\AndroidManifest.xml:146:13-72
activity#cn.ucai.fulicenter.activity.NewFriendsMsgActivity
ADDED from AndroidStudioProjects\superwechat1\AndroidManifest.xml:152:9-156:20
	android:screenOrientation
		ADDED from AndroidStudioProjects\superwechat1\AndroidManifest.xml:154:13-49
	android:theme
		ADDED from AndroidStudioProjects\superwechat1\AndroidManifest.xml:155:13-52
	android:name
		ADDED from AndroidStudioProjects\superwechat1\AndroidManifest.xml:153:13-77
activity#cn.ucai.fulicenter.activity.ForwardMessageActivity
ADDED from AndroidStudioProjects\superwechat1\AndroidManifest.xml:158:9-163:20
	android:screenOrientation
		ADDED from AndroidStudioProjects\superwechat1\AndroidManifest.xml:160:13-49
	android:windowSoftInputMode
		ADDED from AndroidStudioProjects\superwechat1\AndroidManifest.xml:162:13-52
	android:theme
		ADDED from AndroidStudioProjects\superwechat1\AndroidManifest.xml:161:13-52
	android:name
		ADDED from AndroidStudioProjects\superwechat1\AndroidManifest.xml:159:13-78
activity#cn.ucai.fulicenter.activity.ContextMenu
ADDED from AndroidStudioProjects\superwechat1\AndroidManifest.xml:165:9-169:20
	android:screenOrientation
		ADDED from AndroidStudioProjects\superwechat1\AndroidManifest.xml:167:13-49
	android:theme
		ADDED from AndroidStudioProjects\superwechat1\AndroidManifest.xml:168:13-49
	android:name
		ADDED from AndroidStudioProjects\superwechat1\AndroidManifest.xml:166:13-67
activity#cn.ucai.fulicenter.activity.AlertDialog
ADDED from AndroidStudioProjects\superwechat1\AndroidManifest.xml:171:9-175:20
	android:screenOrientation
		ADDED from AndroidStudioProjects\superwechat1\AndroidManifest.xml:173:13-49
	android:theme
		ADDED from AndroidStudioProjects\superwechat1\AndroidManifest.xml:174:13-49
	android:name
		ADDED from AndroidStudioProjects\superwechat1\AndroidManifest.xml:172:13-67
activity#cn.ucai.fulicenter.activity.ShowBigImage
ADDED from AndroidStudioProjects\superwechat1\AndroidManifest.xml:177:9-181:20
	android:screenOrientation
		ADDED from AndroidStudioProjects\superwechat1\AndroidManifest.xml:179:13-49
	android:theme
		ADDED from AndroidStudioProjects\superwechat1\AndroidManifest.xml:180:13-52
	android:name
		ADDED from AndroidStudioProjects\superwechat1\AndroidManifest.xml:178:13-68
activity#cn.ucai.fulicenter.activity.ShowNormalFileActivity
ADDED from AndroidStudioProjects\superwechat1\AndroidManifest.xml:183:9-187:20
	android:screenOrientation
		ADDED from AndroidStudioProjects\superwechat1\AndroidManifest.xml:185:13-49
	android:theme
		ADDED from AndroidStudioProjects\superwechat1\AndroidManifest.xml:186:13-52
	android:name
		ADDED from AndroidStudioProjects\superwechat1\AndroidManifest.xml:184:13-78
activity#cn.ucai.fulicenter.activity.BlacklistActivity
ADDED from AndroidStudioProjects\superwechat1\AndroidManifest.xml:189:9-193:20
	android:screenOrientation
		ADDED from AndroidStudioProjects\superwechat1\AndroidManifest.xml:191:13-49
	android:theme
		ADDED from AndroidStudioProjects\superwechat1\AndroidManifest.xml:192:13-52
	android:name
		ADDED from AndroidStudioProjects\superwechat1\AndroidManifest.xml:190:13-73
activity#cn.ucai.fulicenter.activity.PublicGroupsActivity
ADDED from AndroidStudioProjects\superwechat1\AndroidManifest.xml:196:9-201:20
	android:screenOrientation
		ADDED from AndroidStudioProjects\superwechat1\AndroidManifest.xml:198:13-49
	android:windowSoftInputMode
		ADDED from AndroidStudioProjects\superwechat1\AndroidManifest.xml:200:13-52
	android:theme
		ADDED from AndroidStudioProjects\superwechat1\AndroidManifest.xml:199:13-52
	android:name
		ADDED from AndroidStudioProjects\superwechat1\AndroidManifest.xml:197:13-76
activity#cn.ucai.fulicenter.activity.PublicChatRoomsActivity
ADDED from AndroidStudioProjects\superwechat1\AndroidManifest.xml:203:9-208:20
	android:screenOrientation
		ADDED from AndroidStudioProjects\superwechat1\AndroidManifest.xml:205:13-49
	android:windowSoftInputMode
		ADDED from AndroidStudioProjects\superwechat1\AndroidManifest.xml:207:13-52
	android:theme
		ADDED from AndroidStudioProjects\superwechat1\AndroidManifest.xml:206:13-52
	android:name
		ADDED from AndroidStudioProjects\superwechat1\AndroidManifest.xml:204:13-79
activity#cn.ucai.fulicenter.activity.VoiceCallActivity
ADDED from AndroidStudioProjects\superwechat1\AndroidManifest.xml:211:9-216:20
	android:screenOrientation
		ADDED from AndroidStudioProjects\superwechat1\AndroidManifest.xml:213:13-49
	android:launchMode
		ADDED from AndroidStudioProjects\superwechat1\AndroidManifest.xml:214:13-44
	android:theme
		ADDED from AndroidStudioProjects\superwechat1\AndroidManifest.xml:215:13-48
	android:name
		ADDED from AndroidStudioProjects\superwechat1\AndroidManifest.xml:212:13-73
activity#cn.ucai.fulicenter.activity.VideoCallActivity
ADDED from AndroidStudioProjects\superwechat1\AndroidManifest.xml:218:9-224:20
	android:screenOrientation
		ADDED from AndroidStudioProjects\superwechat1\AndroidManifest.xml:221:13-49
	android:launchMode
		ADDED from AndroidStudioProjects\superwechat1\AndroidManifest.xml:222:13-44
	android:configChanges
		ADDED from AndroidStudioProjects\superwechat1\AndroidManifest.xml:220:13-74
	android:theme
		ADDED from AndroidStudioProjects\superwechat1\AndroidManifest.xml:223:13-52
	android:name
		ADDED from AndroidStudioProjects\superwechat1\AndroidManifest.xml:219:13-73
activity#cn.ucai.fulicenter.activity.GroupSimpleDetailActivity
ADDED from AndroidStudioProjects\superwechat1\AndroidManifest.xml:226:9-230:20
	android:screenOrientation
		ADDED from AndroidStudioProjects\superwechat1\AndroidManifest.xml:228:13-49
	android:theme
		ADDED from AndroidStudioProjects\superwechat1\AndroidManifest.xml:229:13-52
	android:name
		ADDED from AndroidStudioProjects\superwechat1\AndroidManifest.xml:227:13-81
activity#cn.ucai.fulicenter.activity.GroupBlacklistActivity
ADDED from AndroidStudioProjects\superwechat1\AndroidManifest.xml:232:9-236:20
	android:screenOrientation
		ADDED from AndroidStudioProjects\superwechat1\AndroidManifest.xml:234:13-49
	android:theme
		ADDED from AndroidStudioProjects\superwechat1\AndroidManifest.xml:235:13-52
	android:name
		ADDED from AndroidStudioProjects\superwechat1\AndroidManifest.xml:233:13-78
activity#cn.ucai.fulicenter.activity.PublicGroupsSeachActivity
ADDED from AndroidStudioProjects\superwechat1\AndroidManifest.xml:237:9-241:20
	android:screenOrientation
		ADDED from AndroidStudioProjects\superwechat1\AndroidManifest.xml:239:13-49
	android:theme
		ADDED from AndroidStudioProjects\superwechat1\AndroidManifest.xml:240:13-52
	android:name
		ADDED from AndroidStudioProjects\superwechat1\AndroidManifest.xml:238:13-81
activity#cn.ucai.fulicenter.activity.EditActivity
ADDED from AndroidStudioProjects\superwechat1\AndroidManifest.xml:242:9-247:20
	android:screenOrientation
		ADDED from AndroidStudioProjects\superwechat1\AndroidManifest.xml:244:13-49
	android:windowSoftInputMode
		ADDED from AndroidStudioProjects\superwechat1\AndroidManifest.xml:246:13-55
	android:theme
		ADDED from AndroidStudioProjects\superwechat1\AndroidManifest.xml:245:13-52
	android:name
		ADDED from AndroidStudioProjects\superwechat1\AndroidManifest.xml:243:13-68
activity#cn.ucai.fulicenter.activity.ShowVideoActivity
ADDED from AndroidStudioProjects\superwechat1\AndroidManifest.xml:248:9-253:20
	android:screenOrientation
		ADDED from AndroidStudioProjects\superwechat1\AndroidManifest.xml:250:13-49
	android:windowSoftInputMode
		ADDED from AndroidStudioProjects\superwechat1\AndroidManifest.xml:252:13-60
	android:theme
		ADDED from AndroidStudioProjects\superwechat1\AndroidManifest.xml:251:13-52
	android:name
		ADDED from AndroidStudioProjects\superwechat1\AndroidManifest.xml:249:13-73
activity#cn.ucai.fulicenter.activity.ImageGridActivity
ADDED from AndroidStudioProjects\superwechat1\AndroidManifest.xml:255:9-260:20
	android:screenOrientation
		ADDED from AndroidStudioProjects\superwechat1\AndroidManifest.xml:257:13-49
	android:windowSoftInputMode
		ADDED from AndroidStudioProjects\superwechat1\AndroidManifest.xml:259:13-60
	android:theme
		ADDED from AndroidStudioProjects\superwechat1\AndroidManifest.xml:258:13-52
	android:name
		ADDED from AndroidStudioProjects\superwechat1\AndroidManifest.xml:256:13-73
activity#cn.ucai.fulicenter.activity.RecorderVideoActivity
ADDED from AndroidStudioProjects\superwechat1\AndroidManifest.xml:261:9-266:20
	android:screenOrientation
		ADDED from AndroidStudioProjects\superwechat1\AndroidManifest.xml:263:13-49
	android:windowSoftInputMode
		ADDED from AndroidStudioProjects\superwechat1\AndroidManifest.xml:265:13-60
	android:theme
		ADDED from AndroidStudioProjects\superwechat1\AndroidManifest.xml:264:13-52
	android:name
		ADDED from AndroidStudioProjects\superwechat1\AndroidManifest.xml:262:13-77
activity#cn.ucai.fulicenter.activity.DiagnoseActivity
ADDED from AndroidStudioProjects\superwechat1\AndroidManifest.xml:268:9-273:20
	android:screenOrientation
		ADDED from AndroidStudioProjects\superwechat1\AndroidManifest.xml:270:13-49
	android:windowSoftInputMode
		ADDED from AndroidStudioProjects\superwechat1\AndroidManifest.xml:272:13-60
	android:theme
		ADDED from AndroidStudioProjects\superwechat1\AndroidManifest.xml:271:13-52
	android:name
		ADDED from AndroidStudioProjects\superwechat1\AndroidManifest.xml:269:13-72
activity#cn.ucai.fulicenter.activity.OfflinePushNickActivity
ADDED from AndroidStudioProjects\superwechat1\AndroidManifest.xml:276:9-281:20
	android:screenOrientation
		ADDED from AndroidStudioProjects\superwechat1\AndroidManifest.xml:278:13-49
	android:windowSoftInputMode
		ADDED from AndroidStudioProjects\superwechat1\AndroidManifest.xml:280:13-60
	android:theme
		ADDED from AndroidStudioProjects\superwechat1\AndroidManifest.xml:279:13-52
	android:name
		ADDED from AndroidStudioProjects\superwechat1\AndroidManifest.xml:277:13-79
activity#cn.ucai.fulicenter.activity.RobotsActivity
ADDED from AndroidStudioProjects\superwechat1\AndroidManifest.xml:283:9-290:20
	android:screenOrientation
		ADDED from AndroidStudioProjects\superwechat1\AndroidManifest.xml:285:13-49
	android:windowSoftInputMode
		ADDED from AndroidStudioProjects\superwechat1\AndroidManifest.xml:287:13-60
	android:theme
		ADDED from AndroidStudioProjects\superwechat1\AndroidManifest.xml:286:13-52
	android:name
		ADDED from AndroidStudioProjects\superwechat1\AndroidManifest.xml:284:13-70
activity#cn.ucai.fulicenter.activity.UserProfileActivity
ADDED from AndroidStudioProjects\superwechat1\AndroidManifest.xml:292:3-298:20
	android:screenOrientation
		ADDED from AndroidStudioProjects\superwechat1\AndroidManifest.xml:294:7-43
	android:theme
		ADDED from AndroidStudioProjects\superwechat1\AndroidManifest.xml:295:7-46
	android:name
		ADDED from AndroidStudioProjects\superwechat1\AndroidManifest.xml:293:7-69
receiver#com.easemob.chat.StartServiceReceiver
ADDED from AndroidStudioProjects\superwechat1\AndroidManifest.xml:301:9-308:20
	android:name
		ADDED from AndroidStudioProjects\superwechat1\AndroidManifest.xml:301:19-71
intent-filter#android.intent.action.BOOT_COMPLETED+android.intent.action.QUICKBOOT_POWERON+android.intent.category.LAUNCHER
ADDED from AndroidStudioProjects\superwechat1\AndroidManifest.xml:302:13-307:29
	android:priority
		ADDED from AndroidStudioProjects\superwechat1\AndroidManifest.xml:302:28-51
action#android.intent.action.BOOT_COMPLETED
ADDED from AndroidStudioProjects\superwechat1\AndroidManifest.xml:303:17-79
	android:name
		ADDED from AndroidStudioProjects\superwechat1\AndroidManifest.xml:303:25-76
action#android.intent.action.QUICKBOOT_POWERON
ADDED from AndroidStudioProjects\superwechat1\AndroidManifest.xml:304:17-82
	android:name
		ADDED from AndroidStudioProjects\superwechat1\AndroidManifest.xml:304:25-79
receiver#com.easemob.chat.EMGCMBroadcastReceiver
ADDED from AndroidStudioProjects\superwechat1\AndroidManifest.xml:311:9-319:20
	android:exported
		ADDED from AndroidStudioProjects\superwechat1\AndroidManifest.xml:313:13-36
	android:permission
		ADDED from AndroidStudioProjects\superwechat1\AndroidManifest.xml:314:13-73
	android:name
		ADDED from AndroidStudioProjects\superwechat1\AndroidManifest.xml:312:13-67
intent-filter#cn.ucai.fulicenter+com.google.android.c2dm.intent.RECEIVE
ADDED from AndroidStudioProjects\superwechat1\AndroidManifest.xml:315:13-318:29
action#com.google.android.c2dm.intent.RECEIVE
ADDED from AndroidStudioProjects\superwechat1\AndroidManifest.xml:316:17-81
	android:name
		ADDED from AndroidStudioProjects\superwechat1\AndroidManifest.xml:316:25-78
category#cn.ucai.fulicenter
ADDED from AndroidStudioProjects\superwechat1\AndroidManifest.xml:317:17-63
	android:name
		ADDED from AndroidStudioProjects\superwechat1\AndroidManifest.xml:317:27-60
service#com.easemob.chat.EMGCMListenerService
ADDED from AndroidStudioProjects\superwechat1\AndroidManifest.xml:321:9-323:19
	android:exported
		ADDED from AndroidStudioProjects\superwechat1\AndroidManifest.xml:322:13-37
	android:name
		ADDED from AndroidStudioProjects\superwechat1\AndroidManifest.xml:321:18-70
receiver#cn.ucai.fulicenter.receiver.GCMPushBroadCast
ADDED from AndroidStudioProjects\superwechat1\AndroidManifest.xml:325:9-332:20
	android:exported
		ADDED from AndroidStudioProjects\superwechat1\AndroidManifest.xml:327:13-37
	android:name
		ADDED from AndroidStudioProjects\superwechat1\AndroidManifest.xml:326:13-72
intent-filter#cn.ucai.fulicenter+com.easemob.sdk.push
ADDED from AndroidStudioProjects\superwechat1\AndroidManifest.xml:328:13-331:29
action#com.easemob.sdk.push
ADDED from AndroidStudioProjects\superwechat1\AndroidManifest.xml:329:17-62
	android:name
		ADDED from AndroidStudioProjects\superwechat1\AndroidManifest.xml:329:25-60
meta-data#EASEMOB_APPKEY
ADDED from AndroidStudioProjects\superwechat1\AndroidManifest.xml:336:9-338:62
	android:value
		ADDED from AndroidStudioProjects\superwechat1\AndroidManifest.xml:338:13-59
	android:name
		ADDED from AndroidStudioProjects\superwechat1\AndroidManifest.xml:337:13-42
service#com.easemob.chat.EMChatService
ADDED from AndroidStudioProjects\superwechat1\AndroidManifest.xml:340:9-65
	android:name
		ADDED from AndroidStudioProjects\superwechat1\AndroidManifest.xml:340:18-63
receiver#com.easemob.chat.EMMonitorReceiver
ADDED from AndroidStudioProjects\superwechat1\AndroidManifest.xml:342:9-351:20
	android:name
		ADDED from AndroidStudioProjects\superwechat1\AndroidManifest.xml:342:19-68
intent-filter#android.intent.action.PACKAGE_REMOVED
ADDED from AndroidStudioProjects\superwechat1\AndroidManifest.xml:343:13-346:29
action#android.intent.action.PACKAGE_REMOVED
ADDED from AndroidStudioProjects\superwechat1\AndroidManifest.xml:344:17-79
	android:name
		ADDED from AndroidStudioProjects\superwechat1\AndroidManifest.xml:344:25-77
data
ADDED from AndroidStudioProjects\superwechat1\AndroidManifest.xml:345:17-49
	android:scheme
		ADDED from AndroidStudioProjects\superwechat1\AndroidManifest.xml:345:23-47
intent-filter#android.intent.action.BOOT_COMPLETED+android.intent.action.USER_PRESENT